2023-09-03 11:38:54,779 [Worker-1: Loading available Gradle versions] INFO  o.e.b.c.i.u.g.PublishedGradleVersions - Gradle version information cache is up-to-date. Trying to read.
2023-09-03 11:41:13,567 [Worker-6: Building] INFO  o.e.m.c.i.l.LifecycleMappingFactory - Using org.eclipse.m2e.jdt.JarLifecycleMapping lifecycle mapping for MavenProject: com.example.demo:spring-boot-security-jwt-mongodb:0.0.1-SNAPSHOT @ C:\Users\shashoky\OneDrive - Capgemini\Desktop\IDigital\NAAllExams\SpringSecurityMock\BusTicketBookingApp\pom.xml.
2023-09-03 11:41:15,148 [Worker-6: Building] INFO  o.a.m.s.f.DefaultMavenResourcesFiltering - Copying 1 resource from src\main\resources to target\classes
2023-09-03 11:41:15,224 [Worker-6: Building] INFO  o.a.m.s.f.DefaultMavenResourcesFiltering - skip non existing resourceDirectory C:\Users\shashoky\OneDrive - Capgemini\Desktop\IDigital\NAAllExams\SpringSecurityMock\BusTicketBookingApp\src\test\resources
2023-09-03 11:41:15,631 [Worker-12: Updating Maven Dependencies] INFO  o.e.m.c.i.l.LifecycleMappingFactory - Using org.eclipse.m2e.jdt.JarLifecycleMapping lifecycle mapping for MavenProject: com.example.demo:spring-boot-security-jwt-mongodb:0.0.1-SNAPSHOT @ C:\Users\shashoky\OneDrive - Capgemini\Desktop\IDigital\NAAllExams\SpringSecurityMock\BusTicketBookingApp\pom.xml.
2023-09-03 11:41:17,042 [Worker-12: Building] INFO  o.a.m.s.f.DefaultMavenResourcesFiltering - Copying 1 resource from src\main\resources to target\classes
2023-09-03 11:41:17,063 [Worker-12: Building] INFO  o.a.m.s.f.DefaultMavenResourcesFiltering - Copying 0 resource from src\main\resources to target\classes
2023-09-03 11:41:17,069 [Worker-12: Building] INFO  o.a.m.s.f.DefaultMavenResourcesFiltering - skip non existing resourceDirectory C:\Users\shashoky\OneDrive - Capgemini\Desktop\IDigital\NAAllExams\SpringSecurityMock\BusTicketBookingApp\src\test\resources
2023-09-03 11:47:21,758 [Worker-16: Building] INFO  o.a.m.s.f.DefaultMavenResourcesFiltering - Copying 1 resource from src\main\resources to target\classes
2023-09-03 11:47:21,767 [Worker-16: Building] INFO  o.a.m.s.f.DefaultMavenResourcesFiltering - Copying 0 resource from src\main\resources to target\classes
2023-09-03 11:47:21,772 [Worker-16: Building] INFO  o.a.m.s.f.DefaultMavenResourcesFiltering - skip non existing resourceDirectory C:\Users\shashoky\OneDrive - Capgemini\Desktop\IDigital\NAAllExams\SpringSecurityMock\BusTicketBookingApp\src\test\resources
2023-09-03 11:47:41,265 [Worker-14: Updating Maven Project] INFO  o.e.m.c.i.p.ProjectConfigurationManager - Update started
2023-09-03 11:47:41,657 [Worker-14: Updating Maven Project] INFO  o.e.m.c.i.l.LifecycleMappingFactory - Using org.eclipse.m2e.jdt.JarLifecycleMapping lifecycle mapping for MavenProject: com.example.demo:spring-boot-security-jwt-mongodb:0.0.1-SNAPSHOT @ C:\Users\shashoky\OneDrive - Capgemini\Desktop\IDigital\NAAllExams\SpringSecurityMock\BusTicketBookingApp\pom.xml.
2023-09-03 11:47:42,238 [Worker-14: Updating Maven Project] INFO  o.e.m.j.i.AbstractJavaProjectConfigurator - Adding source folder /BusTicketBookingApp/src/main/java
2023-09-03 11:47:42,239 [Worker-14: Updating Maven Project] INFO  o.e.m.j.i.AbstractJavaProjectConfigurator - Adding resource folder /BusTicketBookingApp/src/main/resources
2023-09-03 11:47:42,244 [Worker-14: Updating Maven Project] INFO  o.e.m.j.i.AbstractJavaProjectConfigurator - Adding resource folder /BusTicketBookingApp/src/main/resources
2023-09-03 11:47:42,244 [Worker-14: Updating Maven Project] INFO  o.e.m.j.i.AbstractJavaProjectConfigurator - Adding source folder /BusTicketBookingApp/src/test/java
2023-09-03 11:47:42,740 [Worker-14: Updating Maven Project] INFO  o.e.m.c.i.p.ProjectConfigurationManager - Update completed: 1 sec
2023-09-03 11:47:43,098 [Worker-8: Building] INFO  o.a.m.s.f.DefaultMavenResourcesFiltering - Copying 1 resource from src\main\resources to target\classes
2023-09-03 11:47:43,121 [Worker-8: Building] INFO  o.a.m.s.f.DefaultMavenResourcesFiltering - Copying 0 resource from src\main\resources to target\classes
2023-09-03 11:47:43,126 [Worker-8: Building] INFO  o.a.m.s.f.DefaultMavenResourcesFiltering - skip non existing resourceDirectory C:\Users\shashoky\OneDrive - Capgemini\Desktop\IDigital\NAAllExams\SpringSecurityMock\BusTicketBookingApp\src\test\resources
2023-09-03 11:48:20,510 [Worker-16: Building] INFO  o.a.m.s.f.DefaultMavenResourcesFiltering - Copying 1 resource from src\main\resources to target\classes
2023-09-03 11:48:20,517 [Worker-16: Building] INFO  o.a.m.s.f.DefaultMavenResourcesFiltering - Copying 0 resource from src\main\resources to target\classes
2023-09-03 11:48:20,522 [Worker-16: Building] INFO  o.a.m.s.f.DefaultMavenResourcesFiltering - skip non existing resourceDirectory C:\Users\shashoky\OneDrive - Capgemini\Desktop\IDigital\NAAllExams\SpringSecurityMock\BusTicketBookingApp\src\test\resources
2023-09-03 11:49:11,246 [Worker-8: Building] INFO  o.a.m.s.f.DefaultMavenResourcesFiltering - Copying 1 resource from src\main\resources to target\classes
2023-09-03 11:49:11,251 [Worker-8: Building] INFO  o.a.m.s.f.DefaultMavenResourcesFiltering - Copying 0 resource from src\main\resources to target\classes
2023-09-03 11:49:11,256 [Worker-8: Building] INFO  o.a.m.s.f.DefaultMavenResourcesFiltering - skip non existing resourceDirectory C:\Users\shashoky\OneDrive - Capgemini\Desktop\IDigital\NAAllExams\SpringSecurityMock\BusTicketBookingApp\src\test\resources
2023-09-03 11:49:30,358 [Worker-14: Updating Maven Project] INFO  o.e.m.c.i.p.ProjectConfigurationManager - Update started
2023-09-03 11:49:30,713 [Worker-14: Updating Maven Project] INFO  o.e.m.c.i.l.LifecycleMappingFactory - Using org.eclipse.m2e.jdt.JarLifecycleMapping lifecycle mapping for MavenProject: com.example.demo:spring-boot-security-jwt-mongodb:0.0.1-SNAPSHOT @ C:\Users\shashoky\OneDrive - Capgemini\Desktop\IDigital\NAAllExams\SpringSecurityMock\BusTicketBookingApp\pom.xml.
2023-09-03 11:49:31,304 [Worker-14: Updating Maven Project] INFO  o.e.m.j.i.AbstractJavaProjectConfigurator - Adding source folder /BusTicketBookingApp/src/main/java
2023-09-03 11:49:31,304 [Worker-14: Updating Maven Project] INFO  o.e.m.j.i.AbstractJavaProjectConfigurator - Adding resource folder /BusTicketBookingApp/src/main/resources
2023-09-03 11:49:31,305 [Worker-14: Updating Maven Project] INFO  o.e.m.j.i.AbstractJavaProjectConfigurator - Adding resource folder /BusTicketBookingApp/src/main/resources
2023-09-03 11:49:31,305 [Worker-14: Updating Maven Project] INFO  o.e.m.j.i.AbstractJavaProjectConfigurator - Adding source folder /BusTicketBookingApp/src/test/java
2023-09-03 11:49:31,765 [Worker-14: Updating Maven Project] INFO  o.e.m.c.i.p.ProjectConfigurationManager - Update completed: 1 sec
2023-09-03 11:49:32,079 [Worker-27: Building] INFO  o.a.m.s.f.DefaultMavenResourcesFiltering - Copying 1 resource from src\main\resources to target\classes
2023-09-03 11:49:32,105 [Worker-27: Building] INFO  o.a.m.s.f.DefaultMavenResourcesFiltering - Copying 0 resource from src\main\resources to target\classes
2023-09-03 11:49:32,109 [Worker-27: Building] INFO  o.a.m.s.f.DefaultMavenResourcesFiltering - skip non existing resourceDirectory C:\Users\shashoky\OneDrive - Capgemini\Desktop\IDigital\NAAllExams\SpringSecurityMock\BusTicketBookingApp\src\test\resources
2023-09-03 11:49:48,185 [Worker-26: Building] INFO  o.a.m.s.f.DefaultMavenResourcesFiltering - Copying 1 resource from src\main\resources to target\classes
2023-09-03 11:49:48,193 [Worker-26: Building] INFO  o.a.m.s.f.DefaultMavenResourcesFiltering - Copying 0 resource from src\main\resources to target\classes
2023-09-03 11:49:48,198 [Worker-26: Building] INFO  o.a.m.s.f.DefaultMavenResourcesFiltering - skip non existing resourceDirectory C:\Users\shashoky\OneDrive - Capgemini\Desktop\IDigital\NAAllExams\SpringSecurityMock\BusTicketBookingApp\src\test\resources
2023-09-03 11:50:05,475 [Worker-16: Updating Maven Project] INFO  o.e.m.c.i.p.ProjectConfigurationManager - Update started
2023-09-03 11:50:05,796 [Worker-16: Updating Maven Project] INFO  o.e.m.c.i.l.LifecycleMappingFactory - Using org.eclipse.m2e.jdt.JarLifecycleMapping lifecycle mapping for MavenProject: com.example.demo:spring-boot-security-jwt-mongodb:0.0.1-SNAPSHOT @ C:\Users\shashoky\OneDrive - Capgemini\Desktop\IDigital\NAAllExams\SpringSecurityMock\BusTicketBookingApp\pom.xml.
2023-09-03 11:50:06,347 [Worker-16: Updating Maven Project] INFO  o.e.m.j.i.AbstractJavaProjectConfigurator - Adding source folder /BusTicketBookingApp/src/main/java
2023-09-03 11:50:06,348 [Worker-16: Updating Maven Project] INFO  o.e.m.j.i.AbstractJavaProjectConfigurator - Adding resource folder /BusTicketBookingApp/src/main/resources
2023-09-03 11:50:06,348 [Worker-16: Updating Maven Project] INFO  o.e.m.j.i.AbstractJavaProjectConfigurator - Adding resource folder /BusTicketBookingApp/src/main/resources
2023-09-03 11:50:06,349 [Worker-16: Updating Maven Project] INFO  o.e.m.j.i.AbstractJavaProjectConfigurator - Adding source folder /BusTicketBookingApp/src/test/java
2023-09-03 11:50:06,781 [Worker-16: Updating Maven Project] INFO  o.e.m.c.i.p.ProjectConfigurationManager - Update completed: 1 sec
2023-09-03 11:50:07,160 [Worker-27: Building] INFO  o.a.m.s.f.DefaultMavenResourcesFiltering - Copying 1 resource from src\main\resources to target\classes
2023-09-03 11:50:07,189 [Worker-27: Building] INFO  o.a.m.s.f.DefaultMavenResourcesFiltering - Copying 0 resource from src\main\resources to target\classes
2023-09-03 11:50:07,195 [Worker-27: Building] INFO  o.a.m.s.f.DefaultMavenResourcesFiltering - skip non existing resourceDirectory C:\Users\shashoky\OneDrive - Capgemini\Desktop\IDigital\NAAllExams\SpringSecurityMock\BusTicketBookingApp\src\test\resources
2023-09-03 16:27:59,047 [Worker-2: Loading available Gradle versions] INFO  o.e.b.c.i.u.g.PublishedGradleVersions - Gradle version information cache is up-to-date. Trying to read.
2023-09-03 16:28:15,821 [Worker-13: Updating Maven Project] INFO  o.e.m.c.i.p.ProjectConfigurationManager - Update started
2023-09-03 16:28:16,596 [Worker-13: Updating Maven Project] INFO  o.e.m.c.i.l.LifecycleMappingFactory - Using org.eclipse.m2e.jdt.JarLifecycleMapping lifecycle mapping for MavenProject: com.example.demo:spring-boot-security-jwt-mongodb:0.0.1-SNAPSHOT @ C:\Users\shashoky\OneDrive - Capgemini\Desktop\IDigital\NAAllExams\SpringSecurityMock\BusTicketBookingApp\pom.xml.
2023-09-03 16:28:17,310 [Worker-13: Updating Maven Project] INFO  o.e.m.j.i.AbstractJavaProjectConfigurator - Adding source folder /BusTicketBookingApp/src/main/java
2023-09-03 16:28:17,311 [Worker-13: Updating Maven Project] INFO  o.e.m.j.i.AbstractJavaProjectConfigurator - Adding resource folder /BusTicketBookingApp/src/main/resources
2023-09-03 16:28:17,311 [Worker-13: Updating Maven Project] INFO  o.e.m.j.i.AbstractJavaProjectConfigurator - Adding resource folder /BusTicketBookingApp/src/main/resources
2023-09-03 16:28:17,312 [Worker-13: Updating Maven Project] INFO  o.e.m.j.i.AbstractJavaProjectConfigurator - Adding source folder /BusTicketBookingApp/src/test/java
2023-09-03 16:28:17,903 [Worker-13: Updating Maven Project] INFO  o.e.m.c.i.p.ProjectConfigurationManager - Update completed: 2 sec
2023-09-03 16:28:18,432 [Worker-13: Building] INFO  o.a.m.s.f.DefaultMavenResourcesFiltering - Copying 1 resource from src\main\resources to target\classes
2023-09-03 16:28:18,451 [Worker-13: Building] INFO  o.a.m.s.f.DefaultMavenResourcesFiltering - Copying 0 resource from src\main\resources to target\classes
2023-09-03 16:28:18,455 [Worker-13: Building] INFO  o.a.m.s.f.DefaultMavenResourcesFiltering - skip non existing resourceDirectory C:\Users\shashoky\OneDrive - Capgemini\Desktop\IDigital\NAAllExams\SpringSecurityMock\BusTicketBookingApp\src\test\resources
2023-09-03 16:35:16,508 [Worker-6: Loading available Gradle versions] INFO  o.e.b.c.i.u.g.PublishedGradleVersions - Gradle version information cache is up-to-date. Trying to read.
2023-09-03 16:38:22,978 [Worker-5: Loading available Gradle versions] INFO  o.e.b.c.i.u.g.PublishedGradleVersions - Gradle version information cache is up-to-date. Trying to read.
2023-09-03 16:39:20,371 [Worker-12: Updating Maven Project] INFO  o.e.m.c.i.p.ProjectConfigurationManager - Update started
2023-09-03 16:39:21,223 [Worker-12: Updating Maven Project] INFO  o.e.m.c.i.l.LifecycleMappingFactory - Using org.eclipse.m2e.jdt.JarLifecycleMapping lifecycle mapping for MavenProject: com.example.demo:spring-boot-security-jwt-mongodb:0.0.1-SNAPSHOT @ C:\Users\shashoky\OneDrive - Capgemini\Desktop\IDigital\NAAllExams\SpringSecurityMock\BusTicketBookingApp\pom.xml.
2023-09-03 16:39:22,144 [Worker-12: Updating Maven Project] INFO  o.e.m.j.i.AbstractJavaProjectConfigurator - Adding source folder /BusTicketBookingApp/src/main/java
2023-09-03 16:39:22,145 [Worker-12: Updating Maven Project] INFO  o.e.m.j.i.AbstractJavaProjectConfigurator - Adding resource folder /BusTicketBookingApp/src/main/resources
2023-09-03 16:39:22,146 [Worker-12: Updating Maven Project] INFO  o.e.m.j.i.AbstractJavaProjectConfigurator - Adding resource folder /BusTicketBookingApp/src/main/resources
2023-09-03 16:39:22,147 [Worker-12: Updating Maven Project] INFO  o.e.m.j.i.AbstractJavaProjectConfigurator - Adding source folder /BusTicketBookingApp/src/test/java
2023-09-03 16:39:22,773 [Worker-12: Updating Maven Project] INFO  o.e.m.c.i.p.ProjectConfigurationManager - Update completed: 2 sec
2023-09-03 16:39:23,504 [Worker-6: Building] INFO  o.a.m.s.f.DefaultMavenResourcesFiltering - Copying 1 resource from src\main\resources to target\classes
2023-09-03 16:39:23,530 [Worker-6: Building] INFO  o.a.m.s.f.DefaultMavenResourcesFiltering - Copying 0 resource from src\main\resources to target\classes
2023-09-03 16:39:23,537 [Worker-6: Building] INFO  o.a.m.s.f.DefaultMavenResourcesFiltering - skip non existing resourceDirectory C:\Users\shashoky\OneDrive - Capgemini\Desktop\IDigital\NAAllExams\SpringSecurityMock\BusTicketBookingApp\src\test\resources
2023-09-03 16:59:28,864 [Start Help Server] INFO  org.eclipse.jetty.server.Server - jetty-10.0.11; built: 2022-06-21T21:12:44.640Z; git: d988aa016e0bb2de6fba84c1659049c72eae3e32; jvm 17.0.4.1+1
2023-09-03 16:59:28,891 [Start Help Server] INFO  o.e.j.s.s.DefaultSessionIdManager - Session workerName=node0
2023-09-03 16:59:28,930 [Start Help Server] INFO  o.e.j.server.handler.ContextHandler - Started o.e.j.s.ServletContextHandler@28033403{/help,null,AVAILABLE}
2023-09-03 16:59:28,965 [Start Help Server] INFO  o.e.jetty.server.AbstractConnector - Started ServerConnector@458b0c04{HTTP/1.1, (http/1.1)}{127.0.0.1:63204}
2023-09-03 16:59:28,980 [Start Help Server] INFO  org.eclipse.jetty.server.Server - Started Server@7ac6be01{STARTING}[10.0.11,sto=0] @1278707ms
2023-09-03 18:43:16,480 [Stop Help Server] INFO  org.eclipse.jetty.server.Server - Stopped Server@7ac6be01{STOPPING}[10.0.11,sto=0]
2023-09-03 18:43:16,487 [Stop Help Server] INFO  o.e.jetty.server.AbstractConnector - Stopped ServerConnector@458b0c04{HTTP/1.1, (http/1.1)}{127.0.0.1:0}
2023-09-03 18:43:16,501 [Stop Help Server] INFO  o.e.j.server.handler.ContextHandler - Stopped o.e.j.s.ServletContextHandler@28033403{/help,null,STOPPED}
2023-09-03 18:48:06,003 [Worker-2: Loading available Gradle versions] INFO  o.e.b.c.i.u.g.PublishedGradleVersions - Gradle version information cache is up-to-date. Trying to read.
2023-09-03 18:52:03,751 [Start Help Server] INFO  org.eclipse.jetty.server.Server - jetty-10.0.11; built: 2022-06-21T21:12:44.640Z; git: d988aa016e0bb2de6fba84c1659049c72eae3e32; jvm 17.0.4.1+1
2023-09-03 18:52:03,783 [Start Help Server] INFO  o.e.j.s.s.DefaultSessionIdManager - Session workerName=node0
2023-09-03 18:52:03,818 [Start Help Server] INFO  o.e.j.server.handler.ContextHandler - Started o.e.j.s.ServletContextHandler@26866628{/help,null,AVAILABLE}
2023-09-03 18:52:03,870 [Start Help Server] INFO  o.e.jetty.server.AbstractConnector - Started ServerConnector@23d9da62{HTTP/1.1, (http/1.1)}{127.0.0.1:58537}
2023-09-03 18:52:03,889 [Start Help Server] INFO  org.eclipse.jetty.server.Server - Started Server@4800e478{STARTING}[10.0.11,sto=0] @291814ms
2023-09-04 00:03:49,979 [Worker-34: Building] INFO  o.a.m.s.f.DefaultMavenResourcesFiltering - Copying 1 resource from src\main\resources to target\classes
2023-09-04 00:03:50,025 [Worker-34: Building] INFO  o.a.m.s.f.DefaultMavenResourcesFiltering - Copying 0 resource from src\main\resources to target\classes
2023-09-04 00:03:50,029 [Worker-34: Building] INFO  o.a.m.s.f.DefaultMavenResourcesFiltering - skip non existing resourceDirectory C:\Users\shashoky\OneDrive - Capgemini\Desktop\IDigital\NAAllExams\SpringSecurityMock\BusTicketBookingApp\src\test\resources
2023-09-04 00:03:50,882 [Stop Help Server] INFO  org.eclipse.jetty.server.Server - Stopped Server@4800e478{STOPPING}[10.0.11,sto=0]
2023-09-04 00:03:50,888 [Stop Help Server] INFO  o.e.jetty.server.AbstractConnector - Stopped ServerConnector@23d9da62{HTTP/1.1, (http/1.1)}{127.0.0.1:0}
2023-09-04 00:03:50,904 [Stop Help Server] INFO  o.e.j.server.handler.ContextHandler - Stopped o.e.j.s.ServletContextHandler@26866628{/help,null,STOPPED}
2023-09-04 07:32:17,078 [Worker-4: Loading available Gradle versions] INFO  o.e.b.c.i.u.g.PublishedGradleVersions - Gradle version information cache is up-to-date. Trying to read.
2023-09-04 08:26:24,220 [Worker-4: Loading available Gradle versions] INFO  o.e.b.c.i.u.g.PublishedGradleVersions - Gradle version information cache is up-to-date. Trying to read.
2023-09-04 08:27:55,904 [Worker-4: Launching BusTicketBookingApp - BusTicketBookingAppApplication] INFO  o.a.m.s.f.DefaultMavenResourcesFiltering - Copying 1 resource from src\main\resources to target\classes
2023-09-04 08:27:55,930 [Worker-4: Launching BusTicketBookingApp - BusTicketBookingAppApplication] INFO  o.a.m.s.f.DefaultMavenResourcesFiltering - Copying 0 resource from src\main\resources to target\classes
2023-09-04 08:27:55,935 [Worker-4: Launching BusTicketBookingApp - BusTicketBookingAppApplication] INFO  o.a.m.s.f.DefaultMavenResourcesFiltering - skip non existing resourceDirectory C:\Users\shashoky\OneDrive - Capgemini\Desktop\IDigital\NAAllExams\SpringSecurityMock\BusTicketBookingApp\src\test\resources
2023-09-04 08:31:18,363 [Worker-7: Building] INFO  o.a.m.s.f.DefaultMavenResourcesFiltering - Copying 1 resource from src\main\resources to target\classes
2023-09-04 08:31:18,387 [Worker-7: Building] INFO  o.a.m.s.f.DefaultMavenResourcesFiltering - Copying 0 resource from src\main\resources to target\classes
2023-09-04 08:31:18,394 [Worker-7: Building] INFO  o.a.m.s.f.DefaultMavenResourcesFiltering - skip non existing resourceDirectory C:\Users\shashoky\OneDrive - Capgemini\Desktop\IDigital\NAAllExams\SpringSecurityMock\BusTicketBookingApp\src\test\resources
2023-09-04 08:32:22,404 [Worker-6: Building] INFO  o.a.m.s.f.DefaultMavenResourcesFiltering - Copying 1 resource from src\main\resources to target\classes
2023-09-04 08:32:22,427 [Worker-6: Building] INFO  o.a.m.s.f.DefaultMavenResourcesFiltering - Copying 0 resource from src\main\resources to target\classes
2023-09-04 08:32:22,431 [Worker-6: Building] INFO  o.a.m.s.f.DefaultMavenResourcesFiltering - skip non existing resourceDirectory C:\Users\shashoky\OneDrive - Capgemini\Desktop\IDigital\NAAllExams\SpringSecurityMock\BusTicketBookingApp\src\test\resources
